<?xml version="1.0" encoding="UTF-8"?>
<!-- Generated by org.testng.reporters.JUnitReportReporter -->
<testsuite hostname="LAPTOP-UA1F7RES" failures="0" tests="1" name="com.training.testcases.LoginTest" time="20.526" errors="0" timestamp="2024-04-08T08:17:41 PDT" skipped="0">
  <testcase classname="com.training.testcases.LoginTest" name="invalidLogin_5" time="20.526"/>
</testsuite> <!-- com.training.testcases.LoginTest -->
