<?xml version="1.0" encoding="UTF-8"?>
<!-- Generated by org.testng.reporters.JUnitReportReporter -->
<testsuite hostname="LAPTOP-UA1F7RES" failures="0" tests="1" name="com.training.testcases.LoginTest" time="21.421" errors="0" timestamp="2024-04-13T15:56:09 PDT" skipped="0">
  <testcase classname="com.training.testcases.LoginTest" name="rememberMe_3" time="21.421"/>
</testsuite> <!-- com.training.testcases.LoginTest -->
