<?xml version="1.0" encoding="UTF-8"?>
<!-- Generated by org.testng.reporters.JUnitReportReporter -->
<testsuite hostname="LAPTOP-UA1F7RES" failures="0" tests="1" name="com.training.testcases.OpportunityTest" time="11.457" errors="0" timestamp="2024-04-14T20:24:34 PDT" skipped="0">
  <testcase classname="com.training.testcases.OpportunityTest" name="QuaterlySummReport_20" time="11.457"/>
</testsuite> <!-- com.training.testcases.OpportunityTest -->
