<?xml version="1.0" encoding="UTF-8"?>
<!-- Generated by org.testng.reporters.JUnitReportReporter -->
<testsuite hostname="LAPTOP-UA1F7RES" failures="0" tests="1" name="com.training.testcases.ContactsTest" time="15.149" errors="0" timestamp="2024-04-14T08:35:33 PDT" skipped="0">
  <testcase classname="com.training.testcases.ContactsTest" name="NewContactsPage_33" time="15.149"/>
</testsuite> <!-- com.training.testcases.ContactsTest -->
