<?xml version="1.0" encoding="UTF-8"?>
<!-- Generated by org.testng.reporters.JUnitReportReporter -->
<testsuite hostname="LAPTOP-UA1F7RES" failures="0" tests="1" name="com.training.testcases.LeadTest" time="11.708" errors="0" timestamp="2024-04-14T22:47:36 PDT" skipped="0">
  <testcase classname="com.training.testcases.LeadTest" name="LeadsViewDrop_22" time="11.708"/>
</testsuite> <!-- com.training.testcases.LeadTest -->
